Arguments: 
  C:\Program Files\nodejs\node.exe C:\Users\Junior\AppData\Roaming\npm\node_modules\yarn\bin\yarn.js init

PATH: 
  C:\Program Files (x86)\Common Files\Oracle\Java\javapath;C:\Windows\system32;C:\Windows;C:\Windows\System32\Wbem;C:\Windows\System32\WindowsPowerShell\v1.0\;C:\Windows\System32\OpenSSH\;C:\php-7.3.9-nts-Win32-VC15-x64;C:\composer;C:\Program Files\Microsoft SQL Server\130\Tools\Binn\;C:\MinGW\bin;C:\Sqlite3;C:\Program Files\MySQL\MySQL Server 8.0\bin;C:\Program Files\Java\jdk-13.0.1\bin;C:\oraclexe\app\oracle\product\11.2.0\server\bin;C:\ProgramData\chocolatey\bin;C:\Program Files\Git\cmd;C:\Program Files\nodejs\;C:\tools\php73;C:\Program Files\PostgreSQL\12\bin;C:\MinGW\bin;C:\Program Files\OpenJDK\openjdk-11.0.5_10\bin;C:\Program Files\Java\jre1.8.0_241\bin;C:\Program Files\Java\jdk1.8.0_221\bin;C:\Program Files\Java\jdk-13.0.1\bin;C:\Program Files\PuTTY\;C:\Users\Junior\AppData\Local\Programs\Python\Python38-32\Scripts\;C:\Users\Junior\AppData\Local\Programs\Python\Python38-32\;C:\Program Files\MySQL\MySQL Shell 8.0\bin\;C:\Users\Junior\AppData\Roaming\Composer\vendor\bin;C:\Users\Junior\AppData\Local\atom\bin;C:\apache-maven-3.6.2\bin;C:\Users\Junior\AppData\Local\Programs\Microsoft VS Code\bin;C:\Program Files\JetBrains\PhpStorm 193.4778.21\bin;;C:\Exercism;C:\Users\Junior\AppData\Roaming\npm;C:\tools\Cmder;C:\Program Files\Java\jdk-13.0.1\bin;C:\Program Files\Java\jre1.8.0_241\bin;;C:\Program Files\JetBrains\WebStorm 2020.1\bin;

Yarn version: 
  1.22.4

Node version: 
  13.1.0

Platform: 
  win32 x64

Trace: 
  Error: canceled
      at Interface.<anonymous> (C:\Users\Junior\AppData\Roaming\npm\node_modules\yarn\lib\cli.js:137008:13)
      at Interface.emit (events.js:210:5)
      at Interface._ttyWrite (readline.js:887:16)
      at ReadStream.onkeypress (readline.js:191:10)
      at ReadStream.emit (events.js:210:5)
      at emitKeys (internal/readline/utils.js:433:14)
      at emitKeys.next (<anonymous>)
      at ReadStream.onData (readline.js:1153:36)
      at ReadStream.emit (events.js:210:5)
      at addChunk (_stream_readable.js:326:12)

npm manifest: 
  No manifest

yarn manifest: 
  No manifest

Lockfile: 
  No lockfile
